{"C:/Users/seani/OneDrive/Documents/FALL 2023/CSC456 Software Engineering/Jests/Auto-Mate-Fork/src/firebase.js": {"path":"C:/Users/seani/OneDrive/Documents/FALL 2023/CSC456 Software Engineering/Jests/Auto-Mate-Fork/src/firebase.js","statementMap":{"0":{"start":{"line":6,"column":23},"end":{"line":13,"column":1}},"1":{"start":{"line":25,"column":12},"end":{"line":25,"column":41}},"2":{"start":{"line":26,"column":18},"end":{"line":26,"column":35}},"3":{"start":{"line":27,"column":20},"end":{"line":27,"column":32}},"4":{"start":{"line":28,"column":23},"end":{"line":28,"column":38}}},"fnMap":{},"branchMap":{},"s":{"0":2,"1":2,"2":2,"3":2,"4":2},"f":{},"b":{}}
,"C:/Users/seani/OneDrive/Documents/FALL 2023/CSC456 Software Engineering/Jests/Auto-Mate-Fork/src/components/Navbar.jsx": {"path":"C:/Users/seani/OneDrive/Documents/FALL 2023/CSC456 Software Engineering/Jests/Auto-Mate-Fork/src/components/Navbar.jsx","statementMap":{"0":{"start":{"line":7,"column":15},"end":{"line":54,"column":null}},"1":{"start":{"line":9,"column":27},"end":{"line":9,"column":null}},"2":{"start":{"line":10,"column":38},"end":{"line":10,"column":null}},"3":{"start":{"line":11,"column":19},"end":{"line":11,"column":null}},"4":{"start":{"line":13,"column":23},"end":{"line":20,"column":null}},"5":{"start":{"line":14,"column":4},"end":{"line":20,"column":5}},"6":{"start":{"line":15,"column":6},"end":{"line":15,"column":null}},"7":{"start":{"line":16,"column":6},"end":{"line":16,"column":null}},"8":{"start":{"line":17,"column":6},"end":{"line":17,"column":null}},"9":{"start":{"line":19,"column":6},"end":{"line":19,"column":null}},"10":{"start":{"line":22,"column":2},"end":{"line":52,"column":null}},"11":{"start":{"line":33,"column":25},"end":{"line":33,"column":null}}},"fnMap":{"0":{"name":"(anonymous_0)","decl":{"start":{"line":7,"column":15},"end":{"line":7,"column":21}},"loc":{"start":{"line":7,"column":21},"end":{"line":54,"column":null}}},"1":{"name":"(anonymous_1)","decl":{"start":{"line":13,"column":23},"end":{"line":13,"column":35}},"loc":{"start":{"line":13,"column":35},"end":{"line":20,"column":null}}},"2":{"name":"(anonymous_2)","decl":{"start":{"line":33,"column":19},"end":{"line":33,"column":25}},"loc":{"start":{"line":33,"column":25},"end":{"line":33,"column":null}}}},"branchMap":{"0":{"loc":{"start":{"line":37,"column":27},"end":{"line":37,"column":53}},"type":"cond-expr","locations":[{"start":{"line":37,"column":40},"end":{"line":37,"column":45}},{"start":{"line":37,"column":45},"end":{"line":37,"column":53}}]},"1":{"loc":{"start":{"line":39,"column":13},"end":{"line":47,"column":null}},"type":"cond-expr","locations":[{"start":{"line":40,"column":14},"end":{"line":42,"column":null}},{"start":{"line":44,"column":14},"end":{"line":47,"column":null}}]}},"s":{"0":1,"1":3,"2":2,"3":2,"4":2,"5":0,"6":0,"7":0,"8":0,"9":0,"10":2,"11":0},"f":{"0":3,"1":0,"2":0},"b":{"0":[0,2],"1":[1,1]}}
,"C:/Users/seani/OneDrive/Documents/FALL 2023/CSC456 Software Engineering/Jests/Auto-Mate-Fork/src/components/Signup.jsx": {"path":"C:/Users/seani/OneDrive/Documents/FALL 2023/CSC456 Software Engineering/Jests/Auto-Mate-Fork/src/components/Signup.jsx","statementMap":{"0":{"start":{"line":5,"column":15},"end":{"line":55,"column":null}},"1":{"start":{"line":6,"column":28},"end":{"line":6,"column":null}},"2":{"start":{"line":7,"column":34},"end":{"line":7,"column":null}},"3":{"start":{"line":8,"column":21},"end":{"line":8,"column":null}},"4":{"start":{"line":9,"column":19},"end":{"line":9,"column":null}},"5":{"start":{"line":11,"column":23},"end":{"line":23,"column":null}},"6":{"start":{"line":12,"column":4},"end":{"line":12,"column":null}},"7":{"start":{"line":13,"column":4},"end":{"line":21,"column":null}},"8":{"start":{"line":14,"column":6},"end":{"line":14,"column":null}},"9":{"start":{"line":15,"column":6},"end":{"line":15,"column":null}},"10":{"start":{"line":16,"column":6},"end":{"line":16,"column":null}},"11":{"start":{"line":19,"column":6},"end":{"line":19,"column":null}},"12":{"start":{"line":20,"column":6},"end":{"line":20,"column":null}},"13":{"start":{"line":25,"column":2},"end":{"line":53,"column":null}},"14":{"start":{"line":36,"column":36},"end":{"line":36,"column":null}},"15":{"start":{"line":44,"column":36},"end":{"line":44,"column":null}}},"fnMap":{"0":{"name":"(anonymous_0)","decl":{"start":{"line":5,"column":15},"end":{"line":5,"column":21}},"loc":{"start":{"line":5,"column":21},"end":{"line":55,"column":null}}},"1":{"name":"(anonymous_1)","decl":{"start":{"line":11,"column":23},"end":{"line":11,"column":30}},"loc":{"start":{"line":11,"column":36},"end":{"line":23,"column":null}}},"2":{"name":"(anonymous_2)","decl":{"start":{"line":36,"column":29},"end":{"line":36,"column":30}},"loc":{"start":{"line":36,"column":36},"end":{"line":36,"column":null}}},"3":{"name":"(anonymous_3)","decl":{"start":{"line":44,"column":29},"end":{"line":44,"column":30}},"loc":{"start":{"line":44,"column":36},"end":{"line":44,"column":null}}}},"branchMap":{},"s":{"0":1,"1":31,"2":30,"3":30,"4":30,"5":30,"6":0,"7":0,"8":0,"9":0,"10":0,"11":0,"12":0,"13":30,"14":25,"15":0},"f":{"0":31,"1":0,"2":25,"3":0},"b":{}}
,"C:/Users/seani/OneDrive/Documents/FALL 2023/CSC456 Software Engineering/Jests/Auto-Mate-Fork/src/components/UserAuth.jsx": {"path":"C:/Users/seani/OneDrive/Documents/FALL 2023/CSC456 Software Engineering/Jests/Auto-Mate-Fork/src/components/UserAuth.jsx","statementMap":{"0":{"start":{"line":10,"column":24},"end":{"line":10,"column":null}},"1":{"start":{"line":13,"column":26},"end":{"line":13,"column":null}},"2":{"start":{"line":16,"column":4},"end":{"line":16,"column":null}},"3":{"start":{"line":19,"column":4},"end":{"line":19,"column":null}},"4":{"start":{"line":22,"column":4},"end":{"line":22,"column":null}},"5":{"start":{"line":25,"column":2},"end":{"line":32,"column":null}},"6":{"start":{"line":26,"column":24},"end":{"line":28,"column":null}},"7":{"start":{"line":27,"column":6},"end":{"line":27,"column":null}},"8":{"start":{"line":29,"column":4},"end":{"line":31,"column":null}},"9":{"start":{"line":30,"column":6},"end":{"line":30,"column":null}},"10":{"start":{"line":34,"column":2},"end":{"line":37,"column":null}},"11":{"start":{"line":42,"column":2},"end":{"line":42,"column":null}}},"fnMap":{"0":{"name":"UserAuthContextProvider","decl":{"start":{"line":12,"column":16},"end":{"line":12,"column":40}},"loc":{"start":{"line":12,"column":54},"end":{"line":39,"column":null}}},"1":{"name":"logIn","decl":{"start":{"line":15,"column":11},"end":{"line":15,"column":17}},"loc":{"start":{"line":15,"column":34},"end":{"line":17,"column":null}}},"2":{"name":"signUp","decl":{"start":{"line":18,"column":11},"end":{"line":18,"column":18}},"loc":{"start":{"line":18,"column":35},"end":{"line":20,"column":null}}},"3":{"name":"logOut","decl":{"start":{"line":21,"column":11},"end":{"line":21,"column":20}},"loc":{"start":{"line":21,"column":20},"end":{"line":23,"column":null}}},"4":{"name":"(anonymous_4)","decl":{"start":{"line":25,"column":12},"end":{"line":25,"column":18}},"loc":{"start":{"line":25,"column":18},"end":{"line":32,"column":5}}},"5":{"name":"(anonymous_5)","decl":{"start":{"line":26,"column":49},"end":{"line":26,"column":50}},"loc":{"start":{"line":26,"column":66},"end":{"line":28,"column":5}}},"6":{"name":"(anonymous_6)","decl":{"start":{"line":29,"column":11},"end":{"line":29,"column":17}},"loc":{"start":{"line":29,"column":17},"end":{"line":31,"column":null}}},"7":{"name":"useUserAuth","decl":{"start":{"line":41,"column":16},"end":{"line":41,"column":30}},"loc":{"start":{"line":41,"column":30},"end":{"line":43,"column":null}}}},"branchMap":{},"s":{"0":2,"1":7,"2":0,"3":0,"4":0,"5":7,"6":4,"7":4,"8":4,"9":4,"10":7,"11":33},"f":{"0":7,"1":0,"2":0,"3":0,"4":4,"5":4,"6":4,"7":33},"b":{}}
,"C:/Users/seani/OneDrive/Documents/FALL 2023/CSC456 Software Engineering/Jests/Auto-Mate-Fork/src/pages/Home.jsx": {"path":"C:/Users/seani/OneDrive/Documents/FALL 2023/CSC456 Software Engineering/Jests/Auto-Mate-Fork/src/pages/Home.jsx","statementMap":{"0":{"start":{"line":4,"column":13},"end":{"line":15,"column":null}},"1":{"start":{"line":6,"column":2},"end":{"line":13,"column":null}}},"fnMap":{"0":{"name":"(anonymous_0)","decl":{"start":{"line":4,"column":13},"end":{"line":4,"column":19}},"loc":{"start":{"line":4,"column":19},"end":{"line":15,"column":null}}}},"branchMap":{},"s":{"0":1,"1":2},"f":{"0":2},"b":{}}
}
