{"total": {"lines":{"total":115,"covered":100,"skipped":0,"pct":86.95},"statements":{"total":115,"covered":100,"skipped":0,"pct":86.95},"functions":{"total":8,"covered":4,"skipped":0,"pct":50},"branches":{"total":11,"covered":10,"skipped":0,"pct":90.9},"branchesTrue":{"total":0,"covered":0,"skipped":0,"pct":100}}
,"C:\\Users\\Markus\\Desktop\\456Assign6\\Auto-Mate-Testing\\src\\firebase.js": {"lines":{"total":18,"covered":18,"skipped":0,"pct":100},"functions":{"total":0,"covered":0,"skipped":0,"pct":100},"statements":{"total":18,"covered":18,"skipped":0,"pct":100},"branches":{"total":0,"covered":0,"skipped":0,"pct":100}}
,"C:\\Users\\Markus\\Desktop\\456Assign6\\Auto-Mate-Testing\\src\\components\\Navbar.jsx": {"lines":{"total":54,"covered":45,"skipped":0,"pct":83.33},"functions":{"total":3,"covered":2,"skipped":0,"pct":66.66},"statements":{"total":54,"covered":45,"skipped":0,"pct":83.33},"branches":{"total":6,"covered":5,"skipped":0,"pct":83.33}}
,"C:\\Users\\Markus\\Desktop\\456Assign6\\Auto-Mate-Testing\\src\\components\\UserAuth.jsx": {"lines":{"total":43,"covered":37,"skipped":0,"pct":86.04},"functions":{"total":5,"covered":2,"skipped":0,"pct":40},"statements":{"total":43,"covered":37,"skipped":0,"pct":86.04},"branches":{"total":5,"covered":5,"skipped":0,"pct":100}}
}
